2019-10-11 09:44:38  [ http-nio-8080-exec-2:0 ] - [ DEBUG ]  Logging Provider: org.jboss.logging.Log4jLoggerProvider
 2019-10-11 09:44:38  [ http-nio-8080-exec-2:16 ] - [ INFO ]  HV000001: Hibernate Validator 5.4.1.Final
 2019-10-11 09:44:38  [ http-nio-8080-exec-2:36 ] - [ DEBUG ]  Cannot find javax.persistence.Persistence on classpath. Assuming non JPA 2 environment. All properties will per default be traversable.
 2019-10-11 09:44:38  [ http-nio-8080-exec-2:42 ] - [ DEBUG ]  Setting custom MessageInterpolator of type org.springframework.validation.beanvalidation.LocaleContextMessageInterpolator
 2019-10-11 09:44:38  [ http-nio-8080-exec-2:43 ] - [ DEBUG ]  Setting custom ConstraintValidatorFactory of type org.springframework.validation.beanvalidation.SpringConstraintValidatorFactory
 2019-10-11 09:44:38  [ http-nio-8080-exec-2:43 ] - [ DEBUG ]  Setting custom ParameterNameProvider of type org.springframework.validation.beanvalidation.LocalValidatorFactoryBean$1
 2019-10-11 09:44:38  [ http-nio-8080-exec-2:45 ] - [ DEBUG ]  Trying to load META-INF/validation.xml for XML based Validator configuration.
 2019-10-11 09:44:38  [ http-nio-8080-exec-2:46 ] - [ DEBUG ]  Trying to load META-INF/validation.xml via user class loader
 2019-10-11 09:44:38  [ http-nio-8080-exec-2:47 ] - [ DEBUG ]  Trying to load META-INF/validation.xml via TCCL
 2019-10-11 09:44:38  [ http-nio-8080-exec-2:47 ] - [ DEBUG ]  Trying to load META-INF/validation.xml via Hibernate Validator's class loader
 2019-10-11 09:44:38  [ http-nio-8080-exec-2:47 ] - [ DEBUG ]  No META-INF/validation.xml found. Using annotation based configuration only.
 2019-10-11 09:44:43  [ http-nio-8080-exec-5:5013 ] - [ INFO ]  ....加载创建班级页面......
 2019-10-11 10:18:18  [ http-nio-8080-exec-11:0 ] - [ DEBUG ]  Logging Provider: org.jboss.logging.Log4jLoggerProvider
 2019-10-11 10:18:18  [ http-nio-8080-exec-11:19 ] - [ INFO ]  HV000001: Hibernate Validator 5.4.1.Final
 2019-10-11 10:18:18  [ http-nio-8080-exec-11:38 ] - [ DEBUG ]  Cannot find javax.persistence.Persistence on classpath. Assuming non JPA 2 environment. All properties will per default be traversable.
 2019-10-11 10:18:18  [ http-nio-8080-exec-11:46 ] - [ DEBUG ]  Setting custom MessageInterpolator of type org.springframework.validation.beanvalidation.LocaleContextMessageInterpolator
 2019-10-11 10:18:18  [ http-nio-8080-exec-11:47 ] - [ DEBUG ]  Setting custom ConstraintValidatorFactory of type org.springframework.validation.beanvalidation.SpringConstraintValidatorFactory
 2019-10-11 10:18:18  [ http-nio-8080-exec-11:48 ] - [ DEBUG ]  Setting custom ParameterNameProvider of type org.springframework.validation.beanvalidation.LocalValidatorFactoryBean$1
 2019-10-11 10:18:18  [ http-nio-8080-exec-11:50 ] - [ DEBUG ]  Trying to load META-INF/validation.xml for XML based Validator configuration.
 2019-10-11 10:18:18  [ http-nio-8080-exec-11:51 ] - [ DEBUG ]  Trying to load META-INF/validation.xml via user class loader
 2019-10-11 10:18:18  [ http-nio-8080-exec-11:52 ] - [ DEBUG ]  Trying to load META-INF/validation.xml via TCCL
 2019-10-11 10:18:18  [ http-nio-8080-exec-11:52 ] - [ DEBUG ]  Trying to load META-INF/validation.xml via Hibernate Validator's class loader
 2019-10-11 10:18:18  [ http-nio-8080-exec-11:52 ] - [ DEBUG ]  No META-INF/validation.xml found. Using annotation based configuration only.
 2019-10-11 10:18:57  [ http-nio-8080-exec-19:39341 ] - [ INFO ]  ....加载创建班级页面......
 2019-10-11 11:20:40  [ http-nio-8080-exec-19:3742561 ] - [ INFO ]  ....加载创建班级页面......
 2019-10-11 11:21:58  [ http-nio-8080-exec-17:3820534 ] - [ INFO ]  ....加载创建班级页面......
 2019-10-11 11:37:19  [ http-nio-8080-exec-2:0 ] - [ DEBUG ]  Logging Provider: org.jboss.logging.Log4jLoggerProvider
 2019-10-11 11:37:19  [ http-nio-8080-exec-2:20 ] - [ INFO ]  HV000001: Hibernate Validator 5.4.1.Final
 2019-10-11 11:37:19  [ http-nio-8080-exec-2:47 ] - [ DEBUG ]  Cannot find javax.persistence.Persistence on classpath. Assuming non JPA 2 environment. All properties will per default be traversable.
 2019-10-11 11:37:19  [ http-nio-8080-exec-2:55 ] - [ DEBUG ]  Setting custom MessageInterpolator of type org.springframework.validation.beanvalidation.LocaleContextMessageInterpolator
 2019-10-11 11:37:19  [ http-nio-8080-exec-2:55 ] - [ DEBUG ]  Setting custom ConstraintValidatorFactory of type org.springframework.validation.beanvalidation.SpringConstraintValidatorFactory
 2019-10-11 11:37:19  [ http-nio-8080-exec-2:56 ] - [ DEBUG ]  Setting custom ParameterNameProvider of type org.springframework.validation.beanvalidation.LocalValidatorFactoryBean$1
 2019-10-11 11:37:19  [ http-nio-8080-exec-2:58 ] - [ DEBUG ]  Trying to load META-INF/validation.xml for XML based Validator configuration.
 2019-10-11 11:37:19  [ http-nio-8080-exec-2:59 ] - [ DEBUG ]  Trying to load META-INF/validation.xml via user class loader
 2019-10-11 11:37:19  [ http-nio-8080-exec-2:60 ] - [ DEBUG ]  Trying to load META-INF/validation.xml via TCCL
 2019-10-11 11:37:19  [ http-nio-8080-exec-2:60 ] - [ DEBUG ]  Trying to load META-INF/validation.xml via Hibernate Validator's class loader
 2019-10-11 11:37:19  [ http-nio-8080-exec-2:61 ] - [ DEBUG ]  No META-INF/validation.xml found. Using annotation based configuration only.
 